npm verb cli /usr/local/bin/node /usr/local/bin/npm
npm info using npm@8.11.0
npm info using node@v16.16.0
npm timing npm:load:whichnode Completed in 0ms
npm timing config:load:defaults Completed in 2ms
npm timing config:load:file:/usr/local/lib/node_modules/npm/npmrc Completed in 1ms
npm timing config:load:builtin Completed in 1ms
npm timing config:load:cli Completed in 4ms
npm timing config:load:env Completed in 0ms
npm timing config:load:file:/Users/JPS/cypress-example-kitchensink/tmpBstackPackages/.npmrc Completed in 4ms
npm timing config:load:project Completed in 9ms
npm timing config:load:file:/Users/JPS/.npmrc Completed in 0ms
npm timing config:load:user Completed in 0ms
npm timing config:load:file:/usr/local/etc/npmrc Completed in 0ms
npm timing config:load:global Completed in 0ms
npm timing config:load:validate Completed in 1ms
npm timing config:load:credentials Completed in 1ms
npm timing config:load:setEnvs Completed in 1ms
npm timing config:load Completed in 20ms
npm timing npm:load:configload Completed in 20ms
npm timing npm:load:mkdirpcache Completed in 2ms
npm timing npm:load:mkdirplogs Completed in 1ms
npm verb title npm install
npm verb argv "install" "--legacy-peer-deps" "--loglevel" "verbose"
npm timing npm:load:setTitle Completed in 27ms
npm timing config:load:flatten Completed in 5ms
npm timing npm:load:display Completed in 11ms
npm verb logfile logs-max:10 dir:/Users/JPS/.npm/_logs
npm verb logfile /Users/JPS/.npm/_logs/2022-09-28T19_10_15_039Z-debug-0.log
npm timing npm:load:logFile Completed in 6ms
npm timing npm:load:timers Completed in 0ms
npm timing npm:load:configScope Completed in 0ms
npm timing npm:load Completed in 70ms
npm timing arborist:ctor Completed in 1ms
npm timing arborist:ctor Completed in 0ms
npm timing idealTree:init Completed in 13ms
npm timing idealTree:userRequests Completed in 0ms
npm timing idealTree:#root Completed in 0ms
npm timing idealTree:buildDeps Completed in 2ms
npm timing idealTree:fixDepFlags Completed in 0ms
npm timing idealTree Completed in 18ms
npm timing reify:loadTrees Completed in 19ms
npm timing reify:diffTrees Completed in 1ms
npm timing reify:retireShallow Completed in 1ms
npm timing reify:createSparse Completed in 0ms
npm timing reify:loadBundles Completed in 0ms
npm timing reify:audit Completed in 0ms
npm timing reify:unpack Completed in 1ms
npm timing reify:unretire Completed in 0ms
npm timing build:queue Completed in 0ms
npm timing build:deps Completed in 0ms
npm timing build Completed in 2ms
npm timing reify:build Completed in 2ms
npm timing reify:trash Completed in 0ms
npm timing reify:save Completed in 2ms
npm timing reify Completed in 38ms

up to date, audited 1 package in 247ms

found 0 vulnerabilities
npm timing command:install Completed in 49ms
npm verb exit 0
npm timing npm Completed in 251ms
npm info ok 
